[18May2025 00:00:00.167] [Server thread/INFO] [net.minecraftforge.common.AdvancementLoadFix/]: Using new advancement loading for net.minecraft.advancements.PlayerAdvancements@27532f66
[18May2025 00:00:00.182] [Server thread/INFO] [net.minecraft.server.management.PlayerList/]: wkkjk[/127.157.29.64:53581] logged in with entity id 1034 at (19.5, 66.0, -58.5)
[18May2025 00:00:00.190] [Server thread/INFO] [net.minecraft.server.dedicated.DedicatedServer/]: wkkjk joined the game
[18May2025 00:00:00.320] [Server thread/INFO] [xyz.apex.forge.apexcore.core.ApexCore/]: Player ('wkkjk') Connected! Syncing Supporters to Client Side!
[18May2025 00:00:00.327] [Server thread/INFO] [xyz.apex.forge.fantasyfurniture.FantasyFurniture/]: Syncing FurnitureStation results to client ('wkkjk')...
[18May2025 00:00:05.769] [Server thread/INFO] [net.minecraft.server.dedicated.DedicatedServer/]: <jpkizon> maricon
[18May2025 00:00:27.822] [Server thread/INFO] [net.minecraft.server.dedicated.DedicatedServer/]: <wkkjk> oi tudo bem
[18May2025 00:00:38.699] [Server thread/INFO] [net.minecraft.server.dedicated.DedicatedServer/]: <jpkizon> te tepeo a mi? ando navengado para irme de esa isla
[18May2025 00:00:47.095] [Server thread/INFO] [net.minecraft.server.dedicated.DedicatedServer/]: <wkkjk> dale
[18May2025 00:00:53.635] [Server thread/WARN] [net.minecraft.server.MinecraftServer/]: Can't keep up! Is the server overloaded? Running 2076ms or 41 ticks behind
[18May2025 00:01:07.029] [Server thread/INFO] [net.minecraft.server.dedicated.DedicatedServer/]: <jpkizon> me atacaron el barco
[18May2025 00:01:10.558] [Server thread/INFO] [net.minecraft.server.dedicated.DedicatedServer/]: <jpkizon> por eso anda asi
[18May2025 00:01:16.193] [Server thread/INFO] [net.minecraft.server.dedicated.DedicatedServer/]: <wkkjk> ta mas inundado qtukla
[18May2025 00:02:12.083] [Server thread/INFO] [net.minecraft.server.dedicated.DedicatedServer/]: wkkjk has made the advancement [Alex's Mobs]
[18May2025 00:02:12.305] [Server thread/INFO] [net.minecraft.server.dedicated.DedicatedServer/]: <jpkizon> queres manejar?
[18May2025 00:02:20.432] [Server thread/INFO] [net.minecraft.server.dedicated.DedicatedServer/]: <wkkjk> paq si n oveo nada
[18May2025 00:02:28.227] [Server thread/INFO] [net.minecraft.server.dedicated.DedicatedServer/]: <jpkizon> no te carga el barco?
[18May2025 00:02:35.935] [Server thread/INFO] [net.minecraft.server.dedicated.DedicatedServer/]: <wkkjk> solo el barco y 12 chunks
[18May2025 00:02:42.584] [Server thread/INFO] [net.minecraft.server.dedicated.DedicatedServer/]: <wkkjk> hay uno ahi
[18May2025 00:03:02.980] [Server thread/INFO] [net.minecraft.server.dedicated.DedicatedServer/]: <wkkjk> como q ta faltando optifine
[18May2025 00:03:05.880] [Server thread/INFO] [net.minecraft.server.dedicated.DedicatedServer/]: <wkkjk> no da pra zoom
[18May2025 00:03:16.552] [Server thread/INFO] [net.minecraft.server.dedicated.DedicatedServer/]: <jpkizon> te metieron un balazo por gil
